<?xml version="1.0" encoding="UTF-8"?>
<robot generator="Robot 6.1 (Python 3.11.4 on win32)" generated="20230629 21:51:36.722" rpa="false" schemaversion="4">
<suite id="s1" name="Checkpoint" source="c:\Users\andre\Documents\Programação\CTD\4_bimestre\Testing\checkpoint_ii\checkpoint.robot">
<test id="s1-t1" name="1 - Processo de compra de uma peça de roupa masculina, feminina ou infantil" line="6">
<kw name="Acessar a loja" library="checkpoint">
<kw name="Open Browser" library="SeleniumLibrary">
<arg>${SITE}</arg>
<arg>${NAVEGADOR}</arg>
<doc>Opens a new browser instance to the optional ``url``.</doc>
<msg timestamp="20230629 21:51:38.067" level="INFO">Opening browser 'Chrome' to base url 'https://demo.spreecommerce.org'.</msg>
<status status="PASS" starttime="20230629 21:51:38.065" endtime="20230629 21:51:49.087"/>
</kw>
<kw name="Maximize Browser Window" library="SeleniumLibrary">
<doc>Maximizes current browser window.</doc>
<status status="PASS" starttime="20230629 21:51:49.088" endtime="20230629 21:51:49.783"/>
</kw>
<status status="PASS" starttime="20230629 21:51:38.058" endtime="20230629 21:51:49.783"/>
</kw>
<kw name="Selecionar categoria" library="checkpoint">
<kw name="Click Element" library="SeleniumLibrary">
<arg>${HOVER_MENU}</arg>
<doc>Click the element identified by ``locator``.</doc>
<msg timestamp="20230629 21:51:49.803" level="INFO">Clicking element 'css=a[/t/categories/women]'.</msg>
<msg timestamp="20230629 21:51:50.574" level="INFO" html="true">&lt;/td&gt;&lt;/tr&gt;&lt;tr&gt;&lt;td colspan="3"&gt;&lt;a href="selenium-screenshot-24.png"&gt;&lt;img src="selenium-screenshot-24.png" width="800px"&gt;&lt;/a&gt;</msg>
<msg timestamp="20230629 21:51:50.575" level="FAIL">InvalidSelectorException: Message: invalid selector: An invalid or illegal selector was specified
  (Session info: chrome=114.0.5735.199)
Stacktrace:
Backtrace:
	GetHandleVerifier [0x0058A813+48355]
	(No symbol) [0x0051C4B1]
	(No symbol) [0x00425358]
	(No symbol) [0x004287A1]
	(No symbol) [0x004299E1]
	(No symbol) [0x00429A80]
	(No symbol) [0x0045061C]
	(No symbol) [0x00450B3B]
	(No symbol) [0x0047E26C]
	(No symbol) [0x0046A784]
	(No symbol) [0x0047C922]
	(No symbol) [0x0046A536]
	(No symbol) [0x004482DC]
	(No symbol) [0x004493DD]
	GetHandleVerifier [0x007EAABD+2539405]
	GetHandleVerifier [0x0082A78F+2800735]
	GetHandleVerifier [0x0082456C+2775612]
	GetHandleVerifier [0x006151E0+616112]
	(No symbol) [0x00525F8C]
	(No symbol) [0x00522328]
	(No symbol) [0x0052240B]
	(No symbol) [0x00514FF7]
	BaseThreadInitThunk [0x771D00C9+25]
	RtlGetAppContainerNamedObjectPath [0x77DB7B1E+286]
	RtlGetAppContainerNamedObjectPath [0x77DB7AEE+238]
</msg>
<status status="FAIL" starttime="20230629 21:51:49.801" endtime="20230629 21:51:50.591"/>
</kw>
<kw name="Click Element" library="SeleniumLibrary">
<arg>${SELECIONAR_CATEGORIA_1}</arg>
<doc>Click the element identified by ``locator``.</doc>
<status status="NOT RUN" starttime="20230629 21:51:50.592" endtime="20230629 21:51:50.594"/>
</kw>
<status status="FAIL" starttime="20230629 21:51:49.800" endtime="20230629 21:51:50.596"/>
</kw>
<kw name="Selecionar produto" library="checkpoint">
<status status="NOT RUN" starttime="20230629 21:51:51.293" endtime="20230629 21:51:51.303"/>
</kw>
<status status="FAIL" starttime="20230629 21:51:38.004" endtime="20230629 21:51:51.485">InvalidSelectorException: Message: invalid selector: An invalid or illegal selector was specified
  (Session info: chrome=114.0.5735.199)
Stacktrace:
Backtrace:
	GetHandleVerifier [0x0058A813+48355]
	(No symbol) [0x0051C4B1]
	(No symbol) [0x00425358]
	(No symbol) [0x004287A1]
	(No symbol) [0x004299E1]
	(No symbol) [0x00429A80]
	(No symbol) [0x0045061C]
	(No symbol) [0x00450B3B]
	(No symbol) [0x0047E26C]
	(No symbol) [0x0046A784]
	(No symbol) [0x0047C922]
	(No symbol) [0x0046A536]
	(No symbol) [0x004482DC]
	(No symbol) [0x004493DD]
	GetHandleVerifier [0x007EAABD+2539405]
	GetHandleVerifier [0x0082A78F+2800735]
	GetHandleVerifier [0x0082456C+2775612]
	GetHandleVerifier [0x006151E0+616112]
	(No symbol) [0x00525F8C]
	(No symbol) [0x00522328]
	(No symbol) [0x0052240B]
	(No symbol) [0x00514FF7]
	BaseThreadInitThunk [0x771D00C9+25]
	RtlGetAppContainerNamedObjectPath [0x77DB7B1E+286]
	RtlGetAppContainerNamedObjectPath [0x77DB7AEE+238]
</status>
</test>
<status status="FAIL" starttime="20230629 21:51:36.791" endtime="20230629 21:51:52.444"/>
</suite>
<statistics>
<total>
<stat pass="0" fail="1" skip="0">All Tests</stat>
</total>
<tag>
</tag>
<suite>
<stat pass="0" fail="1" skip="0" id="s1" name="Checkpoint">Checkpoint</stat>
</suite>
</statistics>
<errors>
</errors>
</robot>
